Using pre-set license
Built from '2020.2/staging' branch; Version is '2020.2.3f1 (8ff31bc5bf5b) revision 9433883'; Using compiler version '192528614'; Build Type 'Release'
OS: 'Windows 10 Home; OS build 19042.1288; Version 2009; 64bit' Language: 'en' Physical Memory: 16299 MB
BatchMode: 1, IsHumanControllingUs: 0, StartBugReporterOnCrash: 0, Is64bit: 1, IsPro: 0

 COMMAND LINE ARGUMENTS:
C:\Program Files\Unity\Hub\Editor\2020.2.3f1\Editor\Unity.exe
-adb2
-batchMode
-noUpm
-name
AssetImportWorker0
-projectPath
C:/Users/chris/Documents/GitHub/BanditvsGuards/Janosik
-logFile
Logs/AssetImportWorker0.log
-srvPort
63021
Successfully changed project path to: C:/Users/chris/Documents/GitHub/BanditvsGuards/Janosik
C:/Users/chris/Documents/GitHub/BanditvsGuards/Janosik
Using Asset Import Pipeline V2.
Refreshing native plugins compatible for Editor in 45.52 ms, found 0 plugins.
Preloading 0 native plugins for Editor in 0.00 ms.
Initialize engine version: 2020.2.3f1 (8ff31bc5bf5b)
[Subsystems] Discovering subsystems at path C:/Program Files/Unity/Hub/Editor/2020.2.3f1/Editor/Data/Resources/UnitySubsystems
[Subsystems] Discovering subsystems at path C:/Users/chris/Documents/GitHub/BanditvsGuards/Janosik/Assets
GfxDevice: creating device client; threaded=0
Direct3D:
    Version:  Direct3D 11.0 [level 11.1]
    Renderer: NVIDIA GeForce GTX 1080 (ID=0x1b80)
    Vendor:   
    VRAM:     8079 MB
    Driver:   30.0.14.7212
Shader 'WFX/Transparent Specular': fallback shader 'Particles/Alpha Blended' not found
Shader 'Universal Render Pipeline/Particles/Lit': fallback shader 'Universal Render Pipeline/Particles/SimpleLit' not found
Shader 'WFX/Transparent Diffuse': fallback shader 'Particles/Alpha Blended' not found
Initialize mono
Mono path[0] = 'C:/Program Files/Unity/Hub/Editor/2020.2.3f1/Editor/Data/Managed'
Mono path[1] = 'C:/Program Files/Unity/Hub/Editor/2020.2.3f1/Editor/Data/MonoBleedingEdge/lib/mono/unityjit'
Mono config path = 'C:/Program Files/Unity/Hub/Editor/2020.2.3f1/Editor/Data/MonoBleedingEdge/etc'
Using monoOptions --debugger-agent=transport=dt_socket,embedding=1,server=y,suspend=n,address=127.0.0.1:56584
Begin MonoManager ReloadAssembly
Registering precompiled unity dll's ...
Register platform support module: C:/Program Files/Unity/Hub/Editor/2020.2.3f1/Editor/Data/PlaybackEngines/WebGLSupport/UnityEditor.WebGL.Extensions.dll
Register platform support module: C:/Program Files/Unity/Hub/Editor/2020.2.3f1/Editor/Data/PlaybackEngines/MacStandaloneSupport/UnityEditor.OSXStandalone.Extensions.dll
Register platform support module: C:/Program Files/Unity/Hub/Editor/2020.2.3f1/Editor/Data/PlaybackEngines/WindowsStandaloneSupport/UnityEditor.WindowsStandalone.Extensions.dll
Register platform support module: C:/Program Files/Unity/Hub/Editor/2020.2.3f1/Editor/Data/PlaybackEngines/LinuxStandaloneSupport/UnityEditor.LinuxStandalone.Extensions.dll
Register platform support module: C:/Program Files/Unity/Hub/Editor/2020.2.3f1/Editor/Data/PlaybackEngines/LuminSupport/UnityEditor.Lumin.Extensions.dll
Registered in 0.004120 seconds.
Native extension for Lumin target not found
Native extension for LinuxStandalone target not found
Native extension for WindowsStandalone target not found
Native extension for OSXStandalone target not found
Native extension for WebGL target not found
Refreshing native plugins compatible for Editor in 44.03 ms, found 0 plugins.
Preloading 0 native plugins for Editor in 0.00 ms.
Invoked RoslynAnalysisRunner static constructor.
RoslynAnalysisRunner will not be running.
RoslynAnalysisRunner has terminated.
Mono: successfully reloaded assembly
- Completed reload, in  2.167 seconds
Platform modules already initialized, skipping
Registering precompiled user dll's ...
Registered in 0.001670 seconds.
Begin MonoManager ReloadAssembly
Native extension for Lumin target not found
Native extension for LinuxStandalone target not found
Native extension for WindowsStandalone target not found
Native extension for OSXStandalone target not found
Native extension for WebGL target not found
Refreshing native plugins compatible for Editor in 46.06 ms, found 0 plugins.
Preloading 0 native plugins for Editor in 0.00 ms.
Invoked RoslynAnalysisRunner static constructor.
RoslynAnalysisRunner will not be running.
RoslynAnalysisRunner has terminated.
Mono: successfully reloaded assembly
- Completed reload, in  0.780 seconds
Platform modules already initialized, skipping
========================================================================
Worker process is ready to serve import requests
Shader 'Universal Render Pipeline/Particles/Lit': fallback shader 'Universal Render Pipeline/Particles/SimpleLit' not found
Shader 'WFX/Transparent Diffuse': fallback shader 'Particles/Alpha Blended' not found
Shader 'WFX/Transparent Specular': fallback shader 'Particles/Alpha Blended' not found
Launched and connected shader compiler UnityShaderCompiler.exe after 0.10 seconds
Refreshing native plugins compatible for Editor in 0.50 ms, found 0 plugins.
Preloading 0 native plugins for Editor in 0.00 ms.
Unloading 2794 Unused Serialized files (Serialized files now loaded: 0)
System memory in use before: 146.5 MB.
System memory in use after: 146.4 MB.

Unloading 12 unused Assets to reduce memory usage. Loaded Objects now: 3239.
Total: 1.748700 ms (FindLiveObjects: 0.234000 ms CreateObjectMapping: 0.107000 ms MarkObjects: 1.184600 ms  DeleteObjects: 0.222800 ms)

========================================================================
Received Import Request.
  path: Assets/Scenes/MainGame
  artifactKey: Guid(1d1f44d44c5fbc546b4abc210c1a24f2) Importer(815301076,1909f56bfc062723c751e8b465ee728b)
Start importing Assets/Scenes/MainGame using Guid(1d1f44d44c5fbc546b4abc210c1a24f2) Importer(815301076,1909f56bfc062723c751e8b465ee728b)  -> (artifact id: 'bfa78ae33d4af647075afeb44f0a4445') in 0.004818 seconds
  Import took 0.007975 seconds .

========================================================================
Received Import Request.
  Time since last request: 0.000104 seconds.
  path: Assets/Scenes/Main Menu.unity
  artifactKey: Guid(5817a834cf27492458e911d0ea093a96) Importer(815301076,1909f56bfc062723c751e8b465ee728b)
Start importing Assets/Scenes/Main Menu.unity using Guid(5817a834cf27492458e911d0ea093a96) Importer(815301076,1909f56bfc062723c751e8b465ee728b)  -> (artifact id: 'd0d050d4f417333413299e97a93ba167') in 0.008218 seconds
  Import took 0.011406 seconds .

========================================================================
Received Import Request.
  Time since last request: 0.000143 seconds.
  path: Assets/Scenes/MainGame.unity
  artifactKey: Guid(9fc0d4010bbf28b4594072e72b8655ab) Importer(815301076,1909f56bfc062723c751e8b465ee728b)
Start importing Assets/Scenes/MainGame.unity using Guid(9fc0d4010bbf28b4594072e72b8655ab) Importer(815301076,1909f56bfc062723c751e8b465ee728b)  -> (artifact id: 'f0cc18de74e2a09051ed6419563b9233') in 0.002287 seconds
  Import took 0.005331 seconds .

========================================================================
Received Prepare
Registering precompiled user dll's ...
Registered in 0.001624 seconds.
Begin MonoManager ReloadAssembly
Native extension for Lumin target not found
Native extension for LinuxStandalone target not found
Native extension for WindowsStandalone target not found
Native extension for OSXStandalone target not found
Native extension for WebGL target not found
Refreshing native plugins compatible for Editor in 0.53 ms, found 0 plugins.
Preloading 0 native plugins for Editor in 0.00 ms.
Invoked RoslynAnalysisRunner static constructor.
RoslynAnalysisRunner will not be running.
RoslynAnalysisRunner has terminated.
Mono: successfully reloaded assembly
- Completed reload, in  0.707 seconds
Platform modules already initialized, skipping
Shader 'Universal Render Pipeline/Particles/Lit': fallback shader 'Universal Render Pipeline/Particles/SimpleLit' not found
Shader 'WFX/Transparent Diffuse': fallback shader 'Particles/Alpha Blended' not found
Shader 'WFX/Transparent Specular': fallback shader 'Particles/Alpha Blended' not found
Refreshing native plugins compatible for Editor in 0.43 ms, found 0 plugins.
Preloading 0 native plugins for Editor in 0.00 ms.
Unloading 2622 Unused Serialized files (Serialized files now loaded: 0)
System memory in use before: 133.4 MB.
System memory in use after: 133.3 MB.

Unloading 7 unused Assets to reduce memory usage. Loaded Objects now: 3241.
Total: 1.639800 ms (FindLiveObjects: 0.189800 ms CreateObjectMapping: 0.087200 ms MarkObjects: 1.145000 ms  DeleteObjects: 0.217100 ms)

========================================================================
Received Import Request.
  Time since last request: 42.857236 seconds.
  path: Assets/Third Person/Third Person Player.prefab
  artifactKey: Guid(3d5de12228f0f7944a7d9fa67cae9f8c) Importer(815301076,1909f56bfc062723c751e8b465ee728b)
Start importing Assets/Third Person/Third Person Player.prefab using Guid(3d5de12228f0f7944a7d9fa67cae9f8c) Importer(815301076,1909f56bfc062723c751e8b465ee728b)  -> (artifact id: '97c22954b332df741f51bec853066a44') in 0.133083 seconds
  Import took 0.137975 seconds .

========================================================================
Received Import Request.
  Time since last request: 6.112652 seconds.
  path: Assets/Third Person/Third Person Player.prefab
  artifactKey: Guid(3d5de12228f0f7944a7d9fa67cae9f8c) Importer(815301076,1909f56bfc062723c751e8b465ee728b)
Start importing Assets/Third Person/Third Person Player.prefab using Guid(3d5de12228f0f7944a7d9fa67cae9f8c) Importer(815301076,1909f56bfc062723c751e8b465ee728b)  -> (artifact id: '2a06319075cfbb078f7e3be1b37a4a7c') in 0.032980 seconds
  Import took 0.037822 seconds .

========================================================================
Received Prepare
Registering precompiled user dll's ...
Registered in 0.001578 seconds.
Begin MonoManager ReloadAssembly
Native extension for Lumin target not found
Native extension for LinuxStandalone target not found
Native extension for WindowsStandalone target not found
Native extension for OSXStandalone target not found
Native extension for WebGL target not found
Refreshing native plugins compatible for Editor in 0.49 ms, found 0 plugins.
Preloading 0 native plugins for Editor in 0.00 ms.
Invoked RoslynAnalysisRunner static constructor.
RoslynAnalysisRunner will not be running.
RoslynAnalysisRunner has terminated.
Mono: successfully reloaded assembly
- Completed reload, in  0.718 seconds
Platform modules already initialized, skipping
Shader 'Universal Render Pipeline/Particles/Lit': fallback shader 'Universal Render Pipeline/Particles/SimpleLit' not found
Shader 'WFX/Transparent Diffuse': fallback shader 'Particles/Alpha Blended' not found
Shader 'WFX/Transparent Specular': fallback shader 'Particles/Alpha Blended' not found
Refreshing native plugins compatible for Editor in 0.44 ms, found 0 plugins.
Preloading 0 native plugins for Editor in 0.00 ms.
Unloading 2622 Unused Serialized files (Serialized files now loaded: 0)
System memory in use before: 147.6 MB.
System memory in use after: 147.5 MB.

Unloading 7 unused Assets to reduce memory usage. Loaded Objects now: 3253.
Total: 1.751700 ms (FindLiveObjects: 0.232600 ms CreateObjectMapping: 0.104600 ms MarkObjects: 1.195400 ms  DeleteObjects: 0.218400 ms)

========================================================================
Received Import Request.
  Time since last request: 167.413287 seconds.
  path: Assets/Third Person/Third Person Player.prefab
  artifactKey: Guid(3d5de12228f0f7944a7d9fa67cae9f8c) Importer(815301076,1909f56bfc062723c751e8b465ee728b)
Start importing Assets/Third Person/Third Person Player.prefab using Guid(3d5de12228f0f7944a7d9fa67cae9f8c) Importer(815301076,1909f56bfc062723c751e8b465ee728b)  -> (artifact id: 'e41a0b65f701808a6984c5a04c6620d8') in 0.179372 seconds
  Import took 0.187084 seconds .

========================================================================
Received Import Request.
  Time since last request: 104.339612 seconds.
  path: Assets/Third Person/Pro Melee Axe Pack
  artifactKey: Guid(25f3b90152f3c51479cd3fa13cb7e606) Importer(815301076,1909f56bfc062723c751e8b465ee728b)
Start importing Assets/Third Person/Pro Melee Axe Pack using Guid(25f3b90152f3c51479cd3fa13cb7e606) Importer(815301076,1909f56bfc062723c751e8b465ee728b)  -> (artifact id: '74f58da491818d0bb1535de78d199e91') in 0.002666 seconds
  Import took 0.006164 seconds .

========================================================================
Received Import Request.
  Time since last request: 0.006028 seconds.
  path: Assets/Third Person/Pro Melee Axe Pack
  artifactKey: Guid(25f3b90152f3c51479cd3fa13cb7e606) Importer(815301076,1909f56bfc062723c751e8b465ee728b)
Start importing Assets/Third Person/Pro Melee Axe Pack using Guid(25f3b90152f3c51479cd3fa13cb7e606) Importer(815301076,1909f56bfc062723c751e8b465ee728b)  -> (artifact id: '74f58da491818d0bb1535de78d199e91') in 0.002045 seconds
  Import took 0.005424 seconds .

========================================================================
Received Prepare
Registering precompiled user dll's ...
Registered in 0.001584 seconds.
Begin MonoManager ReloadAssembly
Native extension for Lumin target not found
Native extension for LinuxStandalone target not found
Native extension for WindowsStandalone target not found
Native extension for OSXStandalone target not found
Native extension for WebGL target not found
Refreshing native plugins compatible for Editor in 0.45 ms, found 0 plugins.
Preloading 0 native plugins for Editor in 0.00 ms.
Invoked RoslynAnalysisRunner static constructor.
RoslynAnalysisRunner will not be running.
RoslynAnalysisRunner has terminated.
Mono: successfully reloaded assembly
- Completed reload, in  0.687 seconds
Platform modules already initialized, skipping
Shader 'Universal Render Pipeline/Particles/Lit': fallback shader 'Universal Render Pipeline/Particles/SimpleLit' not found
Shader 'WFX/Transparent Diffuse': fallback shader 'Particles/Alpha Blended' not found
Shader 'WFX/Transparent Specular': fallback shader 'Particles/Alpha Blended' not found
Refreshing native plugins compatible for Editor in 0.43 ms, found 0 plugins.
Preloading 0 native plugins for Editor in 0.00 ms.
Unloading 2622 Unused Serialized files (Serialized files now loaded: 0)
System memory in use before: 147.7 MB.
System memory in use after: 147.6 MB.

Unloading 7 unused Assets to reduce memory usage. Loaded Objects now: 3258.
Total: 2.082800 ms (FindLiveObjects: 0.208900 ms CreateObjectMapping: 0.097500 ms MarkObjects: 1.491500 ms  DeleteObjects: 0.284200 ms)

========================================================================
Received Import Request.
  Time since last request: 4.638898 seconds.
  path: Assets/Third Person/Pro Rifle Pack
  artifactKey: Guid(cd0bdb3a1c91b2e4caac916bff7aac1b) Importer(815301076,1909f56bfc062723c751e8b465ee728b)
Start importing Assets/Third Person/Pro Rifle Pack using Guid(cd0bdb3a1c91b2e4caac916bff7aac1b) Importer(815301076,1909f56bfc062723c751e8b465ee728b)  -> (artifact id: 'b4e1922f33eef1dae672cc1ee38ae1e4') in 0.004517 seconds
  Import took 0.007809 seconds .

========================================================================
Received Import Request.
  Time since last request: 0.868862 seconds.
  path: Assets/Third Person/Pro Rifle Pack/Ch36_nonPBR.fbx
  artifactKey: Guid(d67b40c74cbdc1f4a9a2a11d2bb06841) Importer(815301076,1909f56bfc062723c751e8b465ee728b)
Start importing Assets/Third Person/Pro Rifle Pack/Ch36_nonPBR.fbx using Guid(d67b40c74cbdc1f4a9a2a11d2bb06841) Importer(815301076,1909f56bfc062723c751e8b465ee728b)  -> (artifact id: 'f534ae614656175ccff4ad2ecf3d9275') in 0.232829 seconds
  Import took 0.236413 seconds .

========================================================================
Received Import Request.
  Time since last request: 6.983909 seconds.
  path: Assets/Third Person/Pro Rifle Pack/crouching turn 90 left.fbx
  artifactKey: Guid(576c516a9ff7af84bac5e514e8d9be6c) Importer(815301076,1909f56bfc062723c751e8b465ee728b)
Start importing Assets/Third Person/Pro Rifle Pack/crouching turn 90 left.fbx using Guid(576c516a9ff7af84bac5e514e8d9be6c) Importer(815301076,1909f56bfc062723c751e8b465ee728b)  -> (artifact id: 'd12320bbdf99e02a078b6b21f7a6ff23') in 0.005642 seconds
  Import took 0.009135 seconds .

========================================================================
Received Import Request.
  Time since last request: 4.451393 seconds.
  path: Assets/Third Person/Pro Rifle Pack/death from right.fbx
  artifactKey: Guid(35d4b784df6a00848b908a42d2febfa9) Importer(815301076,1909f56bfc062723c751e8b465ee728b)
Start importing Assets/Third Person/Pro Rifle Pack/death from right.fbx using Guid(35d4b784df6a00848b908a42d2febfa9) Importer(815301076,1909f56bfc062723c751e8b465ee728b)  -> (artifact id: '989fce4592bd00cced3262e7de1bd67a') in 0.005405 seconds
  Import took 0.009400 seconds .

========================================================================
Received Import Request.
  Time since last request: 2.234183 seconds.
  path: Assets/Third Person/Pro Rifle Pack/Ch36.controller
  artifactKey: Guid(4e0c99f7f3d9a8c45a1d4a2dd32de2ab) Importer(815301076,1909f56bfc062723c751e8b465ee728b)
Start importing Assets/Third Person/Pro Rifle Pack/Ch36.controller using Guid(4e0c99f7f3d9a8c45a1d4a2dd32de2ab) Importer(815301076,1909f56bfc062723c751e8b465ee728b)  -> (artifact id: 'eb0c94aada615679471dead0717568fd') in 0.004139 seconds
  Import took 0.007377 seconds .

========================================================================
Received Import Request.
  Time since last request: 9.986893 seconds.
  path: Assets/Third Person/Pro Rifle Pack/walk right.fbx
  artifactKey: Guid(a5e05071c970dd8459625c17f37e72f6) Importer(815301076,1909f56bfc062723c751e8b465ee728b)
Start importing Assets/Third Person/Pro Rifle Pack/walk right.fbx using Guid(a5e05071c970dd8459625c17f37e72f6) Importer(815301076,1909f56bfc062723c751e8b465ee728b)  -> (artifact id: 'e4b807349c74cf7cc58219d3d6cf6ce8') in 0.005293 seconds
  Import took 0.009288 seconds .

========================================================================
Received Import Request.
  Time since last request: 1.149980 seconds.
  path: Assets/Third Person/Pro Rifle Pack/sprint right.fbx
  artifactKey: Guid(2d64ce425e274304a8d68e994b652639) Importer(815301076,1909f56bfc062723c751e8b465ee728b)
Start importing Assets/Third Person/Pro Rifle Pack/sprint right.fbx using Guid(2d64ce425e274304a8d68e994b652639) Importer(815301076,1909f56bfc062723c751e8b465ee728b)  -> (artifact id: '48ca0377ed59f5a77b672aabbd52d071') in 0.005476 seconds
  Import took 0.008954 seconds .

========================================================================
Received Import Request.
  Time since last request: 12.427890 seconds.
  path: Assets/Third Person/Pro Rifle Pack/sprint right.fbx
  artifactKey: Guid(2d64ce425e274304a8d68e994b652639) Importer(815301076,1909f56bfc062723c751e8b465ee728b)
Start importing Assets/Third Person/Pro Rifle Pack/sprint right.fbx using Guid(2d64ce425e274304a8d68e994b652639) Importer(815301076,1909f56bfc062723c751e8b465ee728b)  -> (artifact id: 'b60a7d377ea987d15658f570a2692818') in 0.004598 seconds
  Import took 0.008326 seconds .

========================================================================
Received Prepare
Registering precompiled user dll's ...
Registered in 0.001575 seconds.
Begin MonoManager ReloadAssembly
Native extension for Lumin target not found
Native extension for LinuxStandalone target not found
Native extension for WindowsStandalone target not found
Native extension for OSXStandalone target not found
Native extension for WebGL target not found
Refreshing native plugins compatible for Editor in 0.48 ms, found 0 plugins.
Preloading 0 native plugins for Editor in 0.00 ms.
Invoked RoslynAnalysisRunner static constructor.
RoslynAnalysisRunner will not be running.
RoslynAnalysisRunner has terminated.
Mono: successfully reloaded assembly
- Completed reload, in  0.683 seconds
Platform modules already initialized, skipping
Shader 'Universal Render Pipeline/Particles/Lit': fallback shader 'Universal Render Pipeline/Particles/SimpleLit' not found
Shader 'WFX/Transparent Diffuse': fallback shader 'Particles/Alpha Blended' not found
Shader 'WFX/Transparent Specular': fallback shader 'Particles/Alpha Blended' not found
Refreshing native plugins compatible for Editor in 0.43 ms, found 0 plugins.
Preloading 0 native plugins for Editor in 0.00 ms.
Unloading 2622 Unused Serialized files (Serialized files now loaded: 0)
System memory in use before: 148.3 MB.
System memory in use after: 148.1 MB.

Unloading 7 unused Assets to reduce memory usage. Loaded Objects now: 3297.
Total: 4.126900 ms (FindLiveObjects: 0.373400 ms CreateObjectMapping: 0.157900 ms MarkObjects: 3.232800 ms  DeleteObjects: 0.361500 ms)

========================================================================
Received Prepare
Registering precompiled user dll's ...
Registered in 0.001807 seconds.
Begin MonoManager ReloadAssembly
Native extension for Lumin target not found
Native extension for LinuxStandalone target not found
Native extension for WindowsStandalone target not found
Native extension for OSXStandalone target not found
Native extension for WebGL target not found
Refreshing native plugins compatible for Editor in 0.52 ms, found 0 plugins.
Preloading 0 native plugins for Editor in 0.00 ms.
Invoked RoslynAnalysisRunner static constructor.
RoslynAnalysisRunner will not be running.
RoslynAnalysisRunner has terminated.
Mono: successfully reloaded assembly
- Completed reload, in  0.775 seconds
Platform modules already initialized, skipping
Shader 'Universal Render Pipeline/Particles/Lit': fallback shader 'Universal Render Pipeline/Particles/SimpleLit' not found
Shader 'WFX/Transparent Diffuse': fallback shader 'Particles/Alpha Blended' not found
Shader 'WFX/Transparent Specular': fallback shader 'Particles/Alpha Blended' not found
Refreshing native plugins compatible for Editor in 0.43 ms, found 0 plugins.
Preloading 0 native plugins for Editor in 0.00 ms.
Unloading 2622 Unused Serialized files (Serialized files now loaded: 0)
System memory in use before: 148.2 MB.
System memory in use after: 148.1 MB.

Unloading 7 unused Assets to reduce memory usage. Loaded Objects now: 3299.
Total: 1.784200 ms (FindLiveObjects: 0.220900 ms CreateObjectMapping: 0.094300 ms MarkObjects: 1.197300 ms  DeleteObjects: 0.270900 ms)

========================================================================
Received Import Request.
  Time since last request: 709.631180 seconds.
  path: Assets/Bandit Animation/Bandit.prefab
  artifactKey: Guid(047f10e404439d645943cc81ff82a0b6) Importer(815301076,1909f56bfc062723c751e8b465ee728b)
Start importing Assets/Bandit Animation/Bandit.prefab using Guid(047f10e404439d645943cc81ff82a0b6) Importer(815301076,1909f56bfc062723c751e8b465ee728b) State "Grounded " in Controller "Ethan" uses parameter "groundDir" which does not exist.
UnityEngine.StackTraceUtility:ExtractStackTrace ()
UnityEditor.EditorUtility:Internal_InstantiateRemoveAllNonAnimationComponentsSingle (UnityEngine.Object,UnityEngine.Vector3,UnityEngine.Quaternion)
UnityEditor.EditorUtility:InstantiateRemoveAllNonAnimationComponents (UnityEngine.Object,UnityEngine.Vector3,UnityEngine.Quaternion)
UnityEditor.EditorUtility:InstantiateForAnimatorPreview (UnityEngine.Object)
UnityEditor.GameObjectInspector/PreviewData:UpdateGameObject (UnityEngine.Object)
UnityEditor.GameObjectInspector/PreviewData:.ctor (UnityEngine.Object)
UnityEditor.GameObjectInspector:GetPreviewData ()
UnityEditor.GameObjectInspector:RenderStaticPreview (string,UnityEngine.Object[],int,int)
UnityEditor.AssetPreviewUpdater:CreatePreviewForAsset (UnityEngine.Object,UnityEngine.Object[],string)

[C:\buildslave\unity\build\Modules\Animation\AnimatorController.cpp line 916]

 -> (artifact id: 'c33986888eaf7d6db17e8c07b36ce46b') in 0.175511 seconds
  Import took 0.181269 seconds .

========================================================================
Received Import Request.
  Time since last request: 339.671577 seconds.
  path: Assets/Bandit Animation/Bandit.prefab
  artifactKey: Guid(047f10e404439d645943cc81ff82a0b6) Importer(815301076,1909f56bfc062723c751e8b465ee728b)
Start importing Assets/Bandit Animation/Bandit.prefab using Guid(047f10e404439d645943cc81ff82a0b6) Importer(815301076,1909f56bfc062723c751e8b465ee728b) State "Grounded " in Controller "Ethan" uses parameter "groundDir" which does not exist.
UnityEngine.StackTraceUtility:ExtractStackTrace ()
UnityEditor.EditorUtility:Internal_InstantiateRemoveAllNonAnimationComponentsSingle (UnityEngine.Object,UnityEngine.Vector3,UnityEngine.Quaternion)
UnityEditor.EditorUtility:InstantiateRemoveAllNonAnimationComponents (UnityEngine.Object,UnityEngine.Vector3,UnityEngine.Quaternion)
UnityEditor.EditorUtility:InstantiateForAnimatorPreview (UnityEngine.Object)
UnityEditor.GameObjectInspector/PreviewData:UpdateGameObject (UnityEngine.Object)
UnityEditor.GameObjectInspector/PreviewData:.ctor (UnityEngine.Object)
UnityEditor.GameObjectInspector:GetPreviewData ()
UnityEditor.GameObjectInspector:RenderStaticPreview (string,UnityEngine.Object[],int,int)
UnityEditor.AssetPreviewUpdater:CreatePreviewForAsset (UnityEngine.Object,UnityEngine.Object[],string)

[C:\buildslave\unity\build\Modules\Animation\AnimatorController.cpp line 916]

 -> (artifact id: '4b0a982c6f15dd24ad9c0b03ea3e90c9') in 0.054766 seconds
  Import took 0.061061 seconds .

========================================================================
Received Import Request.
  Time since last request: 13.815790 seconds.
  path: Assets/Bandit Animation/Bandit.prefab
  artifactKey: Guid(047f10e404439d645943cc81ff82a0b6) Importer(815301076,1909f56bfc062723c751e8b465ee728b)
Start importing Assets/Bandit Animation/Bandit.prefab using Guid(047f10e404439d645943cc81ff82a0b6) Importer(815301076,1909f56bfc062723c751e8b465ee728b) State "Grounded " in Controller "Ethan" uses parameter "groundDir" which does not exist.
UnityEngine.StackTraceUtility:ExtractStackTrace ()
UnityEditor.EditorUtility:Internal_InstantiateRemoveAllNonAnimationComponentsSingle (UnityEngine.Object,UnityEngine.Vector3,UnityEngine.Quaternion)
UnityEditor.EditorUtility:InstantiateRemoveAllNonAnimationComponents (UnityEngine.Object,UnityEngine.Vector3,UnityEngine.Quaternion)
UnityEditor.EditorUtility:InstantiateForAnimatorPreview (UnityEngine.Object)
UnityEditor.GameObjectInspector/PreviewData:UpdateGameObject (UnityEngine.Object)
UnityEditor.GameObjectInspector/PreviewData:.ctor (UnityEngine.Object)
UnityEditor.GameObjectInspector:GetPreviewData ()
UnityEditor.GameObjectInspector:RenderStaticPreview (string,UnityEngine.Object[],int,int)
UnityEditor.AssetPreviewUpdater:CreatePreviewForAsset (UnityEngine.Object,UnityEngine.Object[],string)

[C:\buildslave\unity\build\Modules\Animation\AnimatorController.cpp line 916]

 -> (artifact id: 'f8a8560a90aef5650a3e04ca94d8743f') in 0.052075 seconds
  Import took 0.057909 seconds .

========================================================================
Received Import Request.
  Time since last request: 4.572819 seconds.
  path: Assets/Bandit Animation/Bandit.prefab
  artifactKey: Guid(047f10e404439d645943cc81ff82a0b6) Importer(815301076,1909f56bfc062723c751e8b465ee728b)
Start importing Assets/Bandit Animation/Bandit.prefab using Guid(047f10e404439d645943cc81ff82a0b6) Importer(815301076,1909f56bfc062723c751e8b465ee728b) State "Grounded " in Controller "Ethan" uses parameter "groundDir" which does not exist.
UnityEngine.StackTraceUtility:ExtractStackTrace ()
UnityEditor.EditorUtility:Internal_InstantiateRemoveAllNonAnimationComponentsSingle (UnityEngine.Object,UnityEngine.Vector3,UnityEngine.Quaternion)
UnityEditor.EditorUtility:InstantiateRemoveAllNonAnimationComponents (UnityEngine.Object,UnityEngine.Vector3,UnityEngine.Quaternion)
UnityEditor.EditorUtility:InstantiateForAnimatorPreview (UnityEngine.Object)
UnityEditor.GameObjectInspector/PreviewData:UpdateGameObject (UnityEngine.Object)
UnityEditor.GameObjectInspector/PreviewData:.ctor (UnityEngine.Object)
UnityEditor.GameObjectInspector:GetPreviewData ()
UnityEditor.GameObjectInspector:RenderStaticPreview (string,UnityEngine.Object[],int,int)
UnityEditor.AssetPreviewUpdater:CreatePreviewForAsset (UnityEngine.Object,UnityEngine.Object[],string)

[C:\buildslave\unity\build\Modules\Animation\AnimatorController.cpp line 916]

 -> (artifact id: 'fc606c4463125ebb309aa50abb24e33b') in 0.047666 seconds
  Import took 0.053328 seconds .

========================================================================
Received Prepare
Registering precompiled user dll's ...
Registered in 0.001653 seconds.
Begin MonoManager ReloadAssembly
Native extension for Lumin target not found
Native extension for LinuxStandalone target not found
Native extension for WindowsStandalone target not found
Native extension for OSXStandalone target not found
Native extension for WebGL target not found
Refreshing native plugins compatible for Editor in 0.44 ms, found 0 plugins.
Preloading 0 native plugins for Editor in 0.00 ms.
Invoked RoslynAnalysisRunner static constructor.
RoslynAnalysisRunner will not be running.
RoslynAnalysisRunner has terminated.
Mono: successfully reloaded assembly
- Completed reload, in  0.700 seconds
Platform modules already initialized, skipping
Shader 'Universal Render Pipeline/Particles/Lit': fallback shader 'Universal Render Pipeline/Particles/SimpleLit' not found
Shader 'WFX/Transparent Diffuse': fallback shader 'Particles/Alpha Blended' not found
Shader 'WFX/Transparent Specular': fallback shader 'Particles/Alpha Blended' not found
Refreshing native plugins compatible for Editor in 0.44 ms, found 0 plugins.
Preloading 0 native plugins for Editor in 0.00 ms.
Unloading 2622 Unused Serialized files (Serialized files now loaded: 0)
System memory in use before: 148.8 MB.
System memory in use after: 148.6 MB.

Unloading 7 unused Assets to reduce memory usage. Loaded Objects now: 3303.
Total: 2.125400 ms (FindLiveObjects: 0.309700 ms CreateObjectMapping: 0.307000 ms MarkObjects: 1.242700 ms  DeleteObjects: 0.265500 ms)

========================================================================
Received Prepare
Registering precompiled user dll's ...
Registered in 0.001537 seconds.
Begin MonoManager ReloadAssembly
Native extension for Lumin target not found
Native extension for LinuxStandalone target not found
Native extension for WindowsStandalone target not found
Native extension for OSXStandalone target not found
Native extension for WebGL target not found
Refreshing native plugins compatible for Editor in 0.43 ms, found 0 plugins.
Preloading 0 native plugins for Editor in 0.00 ms.
Invoked RoslynAnalysisRunner static constructor.
RoslynAnalysisRunner will not be running.
RoslynAnalysisRunner has terminated.
Mono: successfully reloaded assembly
- Completed reload, in  0.688 seconds
Platform modules already initialized, skipping
Shader 'Universal Render Pipeline/Particles/Lit': fallback shader 'Universal Render Pipeline/Particles/SimpleLit' not found
Shader 'WFX/Transparent Diffuse': fallback shader 'Particles/Alpha Blended' not found
Shader 'WFX/Transparent Specular': fallback shader 'Particles/Alpha Blended' not found
Refreshing native plugins compatible for Editor in 0.45 ms, found 0 plugins.
Preloading 0 native plugins for Editor in 0.00 ms.
Unloading 2622 Unused Serialized files (Serialized files now loaded: 0)
System memory in use before: 148.7 MB.
System memory in use after: 148.6 MB.

Unloading 7 unused Assets to reduce memory usage. Loaded Objects now: 3305.
Total: 1.746600 ms (FindLiveObjects: 0.215200 ms CreateObjectMapping: 0.093500 ms MarkObjects: 1.172400 ms  DeleteObjects: 0.264500 ms)

AssetImportWorkerClient::OnTransportError - code=2 error=End of file
